2021-02-01 12:45:59.067 +06:00 [INF] Application starting up...
2021-02-01 12:46:06.914 +06:00 [INF] Worker running at: "2021-02-01T12:46:06.8958494+06:00"
2021-02-01 12:47:07.286 +06:00 [INF] Worker running at: "2021-02-01T12:47:07.2865859+06:00"
2021-02-01 12:48:07.462 +06:00 [INF] Worker running at: "2021-02-01T12:48:07.4620189+06:00"
2021-02-01 12:49:07.692 +06:00 [INF] Worker running at: "2021-02-01T12:49:07.6926224+06:00"
2021-02-01 21:51:17.496 +06:00 [INF] Application starting up...
2021-02-01 21:52:10.454 +06:00 [INF] Worker running at: "2021-02-01T21:52:10.4277427+06:00"
2021-02-01 22:50:43.743 +06:00 [INF] Application starting up...
2021-02-01 22:50:48.676 +06:00 [FTL] Application start-up failed
Autofac.Core.DependencyResolutionException: An exception was thrown while activating λ:Microsoft.Extensions.Hosting.IHostedService[] -> DevTrack.TrackerWorkerService.Worker -> DevTrack.Foundation.Services.TrackerService -> DevTrack.Foundation.Services.ActiveProgramService.
 ---> Autofac.Core.DependencyResolutionException: None of the constructors found with 'Autofac.Core.Activators.Reflection.DefaultConstructorFinder' on type 'DevTrack.Foundation.Services.ActiveProgramService' can be invoked with the available services and parameters:
Cannot resolve parameter 'DevTrack.Foundation.UnitOfWorks.IActiveProgramUnitOfWork activeProgramUnitOfWork' of constructor 'Void .ctor(DevTrack.Foundation.UnitOfWorks.IActiveProgramUnitOfWork)'.
   at Autofac.Core.Activators.Reflection.ReflectionActivator.GetAllBindings(ConstructorBinder[] availableConstructors, IComponentContext context, IEnumerable`1 parameters)
   at Autofac.Core.Activators.Reflection.ReflectionActivator.ActivateInstance(IComponentContext context, IEnumerable`1 parameters)
   at Autofac.Core.Activators.Reflection.ReflectionActivator.<ConfigurePipeline>b__11_0(ResolveRequestContext ctxt, Action`1 next)
   at Autofac.Core.Resolving.Middleware.DelegateMiddleware.Execute(ResolveRequestContext context, Action`1 next)
   at Autofac.Core.Resolving.Pipeline.ResolvePipelineBuilder.<>c__DisplayClass14_0.<BuildPipeline>b__1(ResolveRequestContext ctxt)
   at Autofac.Core.Resolving.Middleware.DisposalTrackingMiddleware.Execute(ResolveRequestContext context, Action`1 next)
   at Autofac.Core.Resolving.Pipeline.ResolvePipelineBuilder.<>c__DisplayClass14_0.<BuildPipeline>b__1(ResolveRequestContext ctxt)
   at Autofac.Core.Resolving.Middleware.ActivatorErrorHandlingMiddleware.Execute(ResolveRequestContext context, Action`1 next)
   --- End of inner exception stack trace ---
   at Autofac.Core.Resolving.Middleware.ActivatorErrorHandlingMiddleware.Execute(ResolveRequestContext context, Action`1 next)
   at Autofac.Core.Resolving.Pipeline.ResolvePipelineBuilder.<>c__DisplayClass14_0.<BuildPipeline>b__1(ResolveRequestContext ctxt)
   at Autofac.Core.Pipeline.ResolvePipeline.Invoke(ResolveRequestContext ctxt)
   at Autofac.Core.Resolving.Middleware.RegistrationPipelineInvokeMiddleware.Execute(ResolveRequestContext context, Action`1 next)
   at Autofac.Core.Resolving.Pipeline.ResolvePipelineBuilder.<>c__DisplayClass14_0.<BuildPipeline>b__1(ResolveRequestContext ctxt)
   at Autofac.Core.Resolving.Middleware.SharingMiddleware.Execute(ResolveRequestContext context, Action`1 next)
   at Autofac.Core.Resolving.Pipeline.ResolvePipelineBuilder.<>c__DisplayClass14_0.<BuildPipeline>b__1(ResolveRequestContext ctxt)
   at Autofac.Core.Resolving.Pipeline.ResolvePipelineBuilder.<>c__DisplayClass14_0.<BuildPipeline>b__1(ResolveRequestContext ctxt)
   at Autofac.Core.Resolving.Middleware.CircularDependencyDetectorMiddleware.Execute(ResolveRequestContext context, Action`1 next)
   at Autofac.Core.Resolving.Pipeline.ResolvePipelineBuilder.<>c__DisplayClass14_0.<BuildPipeline>b__1(ResolveRequestContext ctxt)
   at Autofac.Core.Pipeline.ResolvePipeline.Invoke(ResolveRequestContext ctxt)
   at Autofac.Core.Resolving.ResolveOperation.GetOrCreateInstance(ISharingLifetimeScope currentOperationScope, ResolveRequest request)
   at Autofac.Core.Resolving.ResolveOperation.ExecuteOperation(ResolveRequest request)
   at Autofac.Core.Resolving.ResolveOperation.Execute(ResolveRequest request)
   at Autofac.Core.Lifetime.LifetimeScope.ResolveComponent(ResolveRequest request)
   at Autofac.ResolutionExtensions.TryResolveService(IComponentContext context, Service service, IEnumerable`1 parameters, Object& instance)
   at Autofac.ResolutionExtensions.ResolveOptionalService(IComponentContext context, Service service, IEnumerable`1 parameters)
   at Autofac.ResolutionExtensions.ResolveOptional(IComponentContext context, Type serviceType, IEnumerable`1 parameters)
   at Autofac.ResolutionExtensions.ResolveOptional(IComponentContext context, Type serviceType)
   at Autofac.Extensions.DependencyInjection.AutofacServiceProvider.GetService(Type serviceType)
   at Microsoft.Extensions.DependencyInjection.ServiceProviderServiceExtensions.GetService[T](IServiceProvider provider)
   at Microsoft.Extensions.Hosting.Internal.Host.StartAsync(CancellationToken cancellationToken)
   at Microsoft.Extensions.Hosting.HostingAbstractionsHostExtensions.RunAsync(IHost host, CancellationToken token)
   at Microsoft.Extensions.Hosting.HostingAbstractionsHostExtensions.RunAsync(IHost host, CancellationToken token)
   at Microsoft.Extensions.Hosting.HostingAbstractionsHostExtensions.Run(IHost host)
   at DevTrack.TrackerWorkerService.Program.Main(String[] args) in C:\Profesional Project\Repository\batch4_team2\DevTrack\DevTrack.TrackerWorkerService\Program.cs:line 39
2021-02-01 22:54:52.255 +06:00 [INF] Application starting up...
2021-02-01 22:54:56.029 +06:00 [FTL] Application start-up failed
System.InvalidOperationException: Program name is missing
   at DevTrack.Foundation.Services.ActiveProgramService.SaveActiveProgram() in C:\Profesional Project\Repository\batch4_team2\DevTrack\DevTrack.Foundation\Services\ActiveProgramService.cs:line 32
   at DevTrack.Foundation.Services.TrackerService.Track() in C:\Profesional Project\Repository\batch4_team2\DevTrack\DevTrack.Foundation\Services\TrackerService.cs:line 25
   at DevTrack.TrackerWorkerService.Worker.ExecuteAsync(CancellationToken stoppingToken) in C:\Profesional Project\Repository\batch4_team2\DevTrack\DevTrack.TrackerWorkerService\Worker.cs:line 25
   at Microsoft.Extensions.Hosting.Internal.Host.StartAsync(CancellationToken cancellationToken)
   at Microsoft.Extensions.Hosting.HostingAbstractionsHostExtensions.RunAsync(IHost host, CancellationToken token)
   at Microsoft.Extensions.Hosting.HostingAbstractionsHostExtensions.RunAsync(IHost host, CancellationToken token)
   at Microsoft.Extensions.Hosting.HostingAbstractionsHostExtensions.Run(IHost host)
   at DevTrack.TrackerWorkerService.Program.Main(String[] args) in C:\Profesional Project\Repository\batch4_team2\DevTrack\DevTrack.TrackerWorkerService\Program.cs:line 39
2021-02-01 22:56:05.607 +06:00 [INF] Application starting up...
2021-02-01 22:56:35.979 +06:00 [FTL] Application start-up failed
System.InvalidOperationException: Program name is missing
   at DevTrack.Foundation.Services.ActiveProgramService.SaveActiveProgram() in C:\Profesional Project\Repository\batch4_team2\DevTrack\DevTrack.Foundation\Services\ActiveProgramService.cs:line 32
   at DevTrack.Foundation.Services.TrackerService.Track() in C:\Profesional Project\Repository\batch4_team2\DevTrack\DevTrack.Foundation\Services\TrackerService.cs:line 25
   at DevTrack.TrackerWorkerService.Worker.ExecuteAsync(CancellationToken stoppingToken) in C:\Profesional Project\Repository\batch4_team2\DevTrack\DevTrack.TrackerWorkerService\Worker.cs:line 25
   at Microsoft.Extensions.Hosting.Internal.Host.StartAsync(CancellationToken cancellationToken)
   at Microsoft.Extensions.Hosting.HostingAbstractionsHostExtensions.RunAsync(IHost host, CancellationToken token)
   at Microsoft.Extensions.Hosting.HostingAbstractionsHostExtensions.RunAsync(IHost host, CancellationToken token)
   at Microsoft.Extensions.Hosting.HostingAbstractionsHostExtensions.Run(IHost host)
   at DevTrack.TrackerWorkerService.Program.Main(String[] args) in C:\Profesional Project\Repository\batch4_team2\DevTrack\DevTrack.TrackerWorkerService\Program.cs:line 39
2021-02-01 22:57:39.764 +06:00 [INF] Application starting up...
2021-02-01 22:57:47.458 +06:00 [INF] Worker running at: "2021-02-01T22:57:47.4448827+06:00"
2021-02-01 22:58:47.532 +06:00 [INF] Worker running at: "2021-02-01T22:58:47.5322497+06:00"
2021-02-01 22:59:47.597 +06:00 [INF] Worker running at: "2021-02-01T22:59:47.5972019+06:00"
